This file contains any messages produced by compilers while
running configure, to aid debugging if configure makes a mistake.

configure:563: checking for a BSD compatible install
configure:616: checking whether build environment is sane
configure:673: checking whether make sets ${MAKE}
configure:719: checking for working aclocal
configure:732: checking for working autoconf
configure:745: checking for working automake
configure:758: checking for working autoheader
configure:771: checking for working makeinfo
configure:804: checking for gcc
configure:917: checking whether the C compiler (gcc  ) works
configure:933: gcc -o conftest    conftest.c  1>&5
configure:959: checking whether the C compiler (gcc  ) is a cross-compiler
configure:964: checking whether we are using GNU C
configure:973: gcc -E conftest.c
configure:992: checking whether gcc accepts -g
configure:1024: checking how to run the C preprocessor
configure:1045: gcc -E  conftest.c >/dev/null 2>conftest.out
configure:1105: checking for minix/config.h
configure:1115: gcc -E  conftest.c >/dev/null 2>conftest.out
configure:1111:26: error: minix/config.h: No such file or directory
configure: failed program was:
#line 1110 "configure"
#include "confdefs.h"
#include <minix/config.h>
configure:1159: checking for flex
configure:1192: checking for flex
configure:1226: checking for yywrap in -lfl
configure:1245: gcc -o conftest -g -O2   conftest.c -lfl   1>&5
configure:1268: checking lex output file root
configure:1289: checking whether yytext is a pointer
configure:1308: gcc -o conftest -g -O2   conftest.c  -lfl 1>&5
configure:1334: checking for bison
configure:1376: checking for a BSD compatible install
configure:1431: checking for ranlib
configure:1459: checking whether make sets ${MAKE}
configure:1490: checking for stdarg.h
configure:1500: gcc -E  conftest.c >/dev/null 2>conftest.out
configure:1490: checking for stddef.h
configure:1500: gcc -E  conftest.c >/dev/null 2>conftest.out
configure:1490: checking for stdlib.h
configure:1500: gcc -E  conftest.c >/dev/null 2>conftest.out
configure:1490: checking for string.h
configure:1500: gcc -E  conftest.c >/dev/null 2>conftest.out
configure:1490: checking for limits.h
configure:1500: gcc -E  conftest.c >/dev/null 2>conftest.out
configure:1490: checking for unistd.h
configure:1500: gcc -E  conftest.c >/dev/null 2>conftest.out
configure:1490: checking for lib.h
configure:1500: gcc -E  conftest.c >/dev/null 2>conftest.out
configure:1496:17: error: lib.h: No such file or directory
configure: failed program was:
#line 1495 "configure"
#include "confdefs.h"
#include <lib.h>
configure:1527: checking for working const
configure:1581: gcc -c -g -O2  conftest.c 1>&5
configure:1602: checking for ANSI C header files
configure:1615: gcc -E  conftest.c >/dev/null 2>conftest.out
configure:1682: gcc -o conftest -g -O2   conftest.c  1>&5
configure: In function 'main':
configure:1677: warning: incompatible implicit declaration of built-in function 'exit'
configure:1706: checking for size_t
configure:1739: checking for ptrdiff_t
configure:1773: checking for vprintf
configure:1801: gcc -o conftest -g -O2   conftest.c  1>&5
configure:1785: warning: conflicting types for built-in function 'vprintf'
configure:1880: checking for isgraph
configure:1908: gcc -o conftest -g -O2   conftest.c  1>&5
configure:1892: warning: conflicting types for built-in function 'isgraph'
configure:1880: checking for setvbuf
configure:1908: gcc -o conftest -g -O2   conftest.c  1>&5
